<?xml version="1.0" encoding="UTF-8"?>
<coverage generated="1704371304164" clover="3.2.0">
  <project timestamp="1704371304164" name="All files">
    <metrics statements="20" coveredstatements="3" conditionals="2" coveredconditionals="0" methods="3" coveredmethods="0" elements="25" coveredelements="3" complexity="0" loc="20" ncloc="20" packages="1" files="1" classes="1"/>
    <file name="formHandler.js" path="C:\Users\dell\OneDrive\Desktop\NLP project\src\clientSrc\JS\formHandler.js">
      <metrics statements="20" coveredstatements="3" conditionals="2" coveredconditionals="0" methods="3" coveredmethods="0"/>
      <line num="2" count="1" type="stmt"/>
      <line num="3" count="0" type="stmt"/>
      <line num="4" count="0" type="stmt"/>
      <line num="5" count="0" type="stmt"/>
      <line num="6" count="0" type="stmt"/>
      <line num="7" count="0" type="stmt"/>
      <line num="8" count="0" type="stmt"/>
      <line num="9" count="0" type="stmt"/>
      <line num="12" count="1" type="stmt"/>
      <line num="15" count="1" type="cond" truecount="0" falsecount="2"/>
      <line num="16" count="0" type="stmt"/>
      <line num="24" count="0" type="stmt"/>
      <line num="25" count="0" type="stmt"/>
      <line num="26" count="0" type="stmt"/>
      <line num="27" count="0" type="stmt"/>
      <line num="30" count="0" type="stmt"/>
      <line num="33" count="0" type="stmt"/>
      <line num="36" count="0" type="stmt"/>
      <line num="39" count="0" type="stmt"/>
      <line num="43" count="0" type="stmt"/>
    </file>
  </project>
</coverage>
